<?xml version="1.0" encoding="UTF-8"?>
<testsuites name="mainzelliste_prob381_externalID_EditPatient_addNewExternalID" tests="8" time="2.418">
  <testsuite name="NEW_SESSION copy" id="2585fba2-388b-4ea8-a449-56b41d848b72" timestamp="2020-01-07T14:33:43.083Z" tests="3" failures="0" errors="0" time="0.846">
    <testcase name="Session created" time="0.846" classname="MainzellisteProb381ExternalIdEditPatientAddNewExternalId"/>
    <testcase name="Body has sessionId" time="0.846" classname="MainzellisteProb381ExternalIdEditPatientAddNewExternalId"/>
    <testcase name="Body has uri" time="0.846" classname="MainzellisteProb381ExternalIdEditPatientAddNewExternalId"/>
  </testsuite>
  <testsuite name="TOKEN_ADD_PATIENT" id="dd5c3e5e-9d01-4bd9-950f-eba106c596d2" timestamp="2020-01-07T14:33:43.083Z" tests="5" failures="0" errors="0" time="0.429">
    <testcase name="Token created" time="0.429" classname="MainzellisteProb381ExternalIdEditPatientAddNewExternalId"/>
    <testcase name="Body has id" time="0.429" classname="MainzellisteProb381ExternalIdEditPatientAddNewExternalId"/>
    <testcase name="Type is addPatient" time="0.429" classname="MainzellisteProb381ExternalIdEditPatientAddNewExternalId"/>
    <testcase name="Body has data" time="0.429" classname="MainzellisteProb381ExternalIdEditPatientAddNewExternalId"/>
    <testcase name="Data has idTypes" time="0.429" classname="MainzellisteProb381ExternalIdEditPatientAddNewExternalId"/>
  </testsuite>
  <testsuite name="ADD_PATIENT (JSON) - Patienten anlegen" id="8ee69a78-dbef-4d35-aa2f-00bd34b4927d" timestamp="2020-01-07T14:33:43.083Z" tests="5" failures="0" errors="0" time="0.741">
    <testcase name="Patient created" time="0.741" classname="MainzellisteProb381ExternalIdEditPatientAddNewExternalId"/>
    <testcase name="idType is pid" time="0.741" classname="MainzellisteProb381ExternalIdEditPatientAddNewExternalId"/>
    <testcase name="Element has idString" time="0.741" classname="MainzellisteProb381ExternalIdEditPatientAddNewExternalId"/>
    <testcase name="Element has tentative" time="0.741" classname="MainzellisteProb381ExternalIdEditPatientAddNewExternalId"/>
    <testcase name="Element has uri" time="0.741" classname="MainzellisteProb381ExternalIdEditPatientAddNewExternalId"/>
  </testsuite>
  <testsuite name="NEW_SESSION" id="a2a58a17-b070-4f80-995c-1edcc8547d15" timestamp="2020-01-07T14:33:43.083Z" tests="3" failures="0" errors="0" time="0.045">
    <testcase name="Session created" time="0.045" classname="MainzellisteProb381ExternalIdEditPatientAddNewExternalId"/>
    <testcase name="Body has sessionId" time="0.045" classname="MainzellisteProb381ExternalIdEditPatientAddNewExternalId"/>
    <testcase name="Body has uri" time="0.045" classname="MainzellisteProb381ExternalIdEditPatientAddNewExternalId"/>
  </testsuite>
  <testsuite name="TOKEN_EDIT_PATIENT (Change extid)" id="ea6e46f5-8aac-4406-bbec-07e8d44e8eca" timestamp="2020-01-07T14:33:43.083Z" tests="6" failures="0" errors="0" time="0.093">
    <testcase name="Token created" time="0.093" classname="MainzellisteProb381ExternalIdEditPatientAddNewExternalId"/>
    <testcase name="Body has id" time="0.093" classname="MainzellisteProb381ExternalIdEditPatientAddNewExternalId"/>
    <testcase name="Type is editPatient" time="0.093" classname="MainzellisteProb381ExternalIdEditPatientAddNewExternalId"/>
    <testcase name="Body has data" time="0.093" classname="MainzellisteProb381ExternalIdEditPatientAddNewExternalId"/>
    <testcase name="Body has uri" time="0.093" classname="MainzellisteProb381ExternalIdEditPatientAddNewExternalId"/>
    <testcase name="Data has patientId" time="0.093" classname="MainzellisteProb381ExternalIdEditPatientAddNewExternalId"/>
  </testsuite>
  <testsuite name="EDIT_PATIENT_JSON (Change extid to newID)" id="c6b8681b-e7a0-4955-9fac-308af5f982c5" timestamp="2020-01-07T14:33:43.083Z" tests="1" failures="1" errors="0" time="0.163">
    <testcase name="Patient edited" time="0.163" classname="MainzellisteProb381ExternalIdEditPatientAddNewExternalId">
      <failure type="AssertionFailure" message="expected false to be truthy">
        <![CDATA[Failed 1 times.]]>
        <![CDATA[Collection JSON ID: 42055273-06b9-4998-88a2-bf8e4f393831.]]>
        <![CDATA[Collection name: mainzelliste_prob381_externalID_EditPatient_addNewExternalID.]]>
        <![CDATA[Request name: EDIT_PATIENT_JSON (Change extid to newID).]]>
        <![CDATA[Test description: Patient edited.]]>
        <![CDATA[Error message: expected false to be truthy.]]>
        <![CDATA[Stacktrace: AssertionError: expected false to be truthy
   at Object.eval sandbox-script.js:1:6).]]>
      </failure>
    </testcase>
  </testsuite>
  <testsuite name="TOKEN_READ_PATIENT (Get Patient with specific extid)" id="bb938ecd-738d-465f-b25f-d607a82dfba1" timestamp="2020-01-07T14:33:43.083Z" tests="0" failures="0" errors="1" time="0.067">
    <system-err>
      <![CDATA[Iteration: 0

---
testScriptError: Unexpected token 'N' at 1:1
No patient found with provided extid '{{Mobil}}'!
^
---
]]>
    </system-err>
  </testsuite>
  <testsuite name="GET_PATIENT" id="0bfd0f48-2c63-4bbb-9d99-11f53ffa698d" timestamp="2020-01-07T14:33:43.083Z" tests="0" failures="0" errors="1" time="0.034">
    <system-err>
      <![CDATA[Iteration: 0

---
testScriptError: Unexpected token 'I' at 1:1
Invalid token type: Expected: readPatients, actual: editPatient
^
---
]]>
    </system-err>
  </testsuite>
</testsuites>